<?xml version="1.0" encoding="UTF-8"?><testsuite errors="1" failures="0" name="features.InstanceApiFeatures" skipped="0" tests="1" time="0.0" timestamp="2018-08-23T16:59:46.874-05:00[America/Bogota]"><testcase classname="features.InstanceApiFeatures" name="Initialisation"><error message="org.junit.runners.model.FrameworkMethod.getDeclaringClass()Ljava/lang/Class;" type="java.lang.NoSuchMethodError">org.junit.runners.model.FrameworkMethod.getDeclaringClass()Ljava/lang/Class;</error><system-err>org.junit.runners.model.FrameworkMethod.getDeclaringClass()Ljava/lang/Class;&#13;
</system-err></testcase></testsuite>